\BOOKMARK [1][-]{section.1}{Introduction:\040Phonetic\040transfer}{}% 1
\BOOKMARK [2][-]{subsection.1.1}{Bengali\040and\040English\040in\040India}{section.1}% 2
\BOOKMARK [2][-]{subsection.1.2}{What\040causes\040transfer\040and\040what\040does\040it\040affect?}{section.1}% 3
\BOOKMARK [2][-]{subsection.1.3}{Duration\040of\040transfer\040effects}{section.1}% 4
\BOOKMARK [2][-]{subsection.1.4}{Asymmetries\040between\040languages\040in\040extent\040and\040direction\040of\040transfer}{section.1}% 5
\BOOKMARK [2][-]{subsection.1.5}{Asymmetries\040between\040sounds}{section.1}% 6
\BOOKMARK [2][-]{subsection.1.6}{A\040note\040on\040paradigms:\040connected\040speech\040or\040not?}{section.1}% 7
\BOOKMARK [1][-]{section.2}{Methodology}{}% 8
\BOOKMARK [2][-]{subsection.2.1}{Participants}{section.2}% 9
\BOOKMARK [2][-]{subsection.2.2}{Stimuli}{section.2}% 10
\BOOKMARK [2][-]{subsection.2.3}{Procedure}{section.2}% 11
\BOOKMARK [2][-]{subsection.2.4}{Acoustic\040analysis}{section.2}% 12
\BOOKMARK [1][-]{section.3}{Results}{}% 13
\BOOKMARK [2][-]{subsection.3.1}{Models}{section.3}% 14
\BOOKMARK [2][-]{subsection.3.2}{Vowel Height – F1}{section.3}% 15
\BOOKMARK [2][-]{subsection.3.3}{Vowel backness – F2}{section.3}% 16
\BOOKMARK [1][-]{section.4}{Discussion}{}% 17
\BOOKMARK [2][-]{subsection.4.1}{Phonetic\040transfer\040in\040L2\040vowels}{section.4}% 18
\BOOKMARK [2][-]{subsection.4.2}{Asymmetries\040in\040Phonetic\040Transfer}{section.4}% 19
\BOOKMARK [2][-]{subsection.4.3}{Switching\040paradigm}{section.4}% 20
\BOOKMARK [1][-]{section.5}{Conclusion}{}% 21
